<?xml version="1.0" encoding="UTF-8"?>
<testsuite xmlns:xsi="http://www.w3.org/2001/XMLSchema-instance" xsi:noNamespaceSchemaLocation="https://maven.apache.org/surefire/maven-surefire-plugin/xsd/surefire-test-report.xsd" name="simple.graph.GraphTest" time="0.074" tests="6" errors="0" skipped="0" failures="0">
  <properties>
[...]
</properties>
  <testcase name="testDirectedObject" classname="simple.graph.GraphTest" time="0.006"/>
  <testcase name="testDirectedString" classname="simple.graph.GraphTest" time="0"/>
  <testcase name="testDirectedInteger" classname="simple.graph.GraphTest" time="0.001"/>
  <testcase name="testUnDirectedInteger" classname="simple.graph.GraphTest" time="0.002"/>
  <testcase name="testDirectedInteger2" classname="simple.graph.GraphTest" time="0.001"/>
  <testcase name="testUnDirectedInteger2" classname="simple.graph.GraphTest" time="0.001"/>
</testsuite>